<?xml version="1.0" encoding="UTF-8"?>
<!-- Generated by org.testng.reporters.JUnitReportReporter -->
<testsuite hostname="mc1junb2144" failures="0" tests="1" name="Maven_Demo.TestHello" time="0.009" errors="0" timestamp="2022-08-04T10:35:25 GMT+05:30" skipped="0">
  <testcase classname="Maven_Demo.TestHello" name="test" time="0.009"/>
  <system-out/>
</testsuite> <!-- Maven_Demo.TestHello -->
